d:\wja\lotterypage\lotterypage\x64\release\lotterypage.obj
d:\wja\lotterypage\lotterypage\x64\release\qrc_lotterypage.obj
d:\wja\lotterypage\lotterypage\x64\release\moc_lotterypage.obj
d:\wja\lotterypage\lotterypage\x64\release\main.obj
d:\wja\lotterypage\x64\release\lotterypage.exe
d:\wja\lotterypage\lotterypage\generatedfiles\release\moc_lotterypage.cpp
d:\wja\lotterypage\lotterypage\generatedfiles\qrc_lotterypage.cpp
d:\wja\lotterypage\lotterypage\generatedfiles\ui_lotterypage.h
d:\wja\lotterypage\lotterypage\.\generatedfiles\release\moc_lotterypage.cpp
d:\wja\lotterypage\lotterypage\.\generatedfiles\qrc_lotterypage.cpp
d:\wja\lotterypage\lotterypage\.\generatedfiles\ui_lotterypage.h
d:\wja\lotterypage\lotterypage\x64\release\lotterypage.tlog\cl.command.1.tlog
d:\wja\lotterypage\lotterypage\x64\release\lotterypage.tlog\cl.read.1.tlog
d:\wja\lotterypage\lotterypage\x64\release\lotterypage.tlog\cl.write.1.tlog
d:\wja\lotterypage\lotterypage\x64\release\lotterypage.tlog\link.command.1.tlog
d:\wja\lotterypage\lotterypage\x64\release\lotterypage.tlog\link.read.1.tlog
d:\wja\lotterypage\lotterypage\x64\release\lotterypage.tlog\link.write.1.tlog
d:\wja\lotterypage\lotterypage\x64\release\lotterypage.tlog\lotterypage.write.1u.tlog
d:\wja\lotterypage\lotterypage\x64\release\lotterypage.tlog\qtmoc.read.1u.tlog
d:\wja\lotterypage\lotterypage\x64\release\lotterypage.tlog\qtmoc.write.1u.tlog
d:\wja\lotterypage\lotterypage\x64\release\lotterypage.tlog\qtrcc.read.1u.tlog
d:\wja\lotterypage\lotterypage\x64\release\lotterypage.tlog\qtrcc.write.1u.tlog
d:\wja\lotterypage\lotterypage\x64\release\lotterypage.tlog\qtuic.read.1u.tlog
d:\wja\lotterypage\lotterypage\x64\release\lotterypage.tlog\qtuic.write.1u.tlog
